MonaSocial/app/manifest-merger-debug-report.txt
-- Merging decision tree log ---
manifest
ADDED from AndroidManifest.xml:2:1
	xmlns:android
		ADDED from AndroidManifest.xml:2:11
	package
		ADDED from AndroidManifest.xml:3:5
		INJECTED from AndroidManifest.xml:0:0
		INJECTED from AndroidManifest.xml:0:0
	android:versionName
		INJECTED from AndroidManifest.xml:0:0
		INJECTED from AndroidManifest.xml:0:0
	android:versionCode
		INJECTED from AndroidManifest.xml:0:0
		INJECTED from AndroidManifest.xml:0:0
uses-sdk
ADDED from AndroidManifest.xml:7:1
MERGED from com.android.support:appcompat-v7:21.0.3:15:5
MERGED from com.android.support:support-v4:21.0.3:15:5
MERGED from com.google.android.gms:play-services:6.5.87:18:5
MERGED from com.android.support:support-v4:21.0.3:15:5
	android:targetSdkVersion
		ADDED from AndroidManifest.xml:9:5
		INJECTED from AndroidManifest.xml:0:0
		INJECTED from AndroidManifest.xml:0:0
	android:minSdkVersion
		ADDED from AndroidManifest.xml:8:5
		INJECTED from AndroidManifest.xml:0:0
		INJECTED from AndroidManifest.xml:0:0
uses-feature#0x00020000
ADDED from AndroidManifest.xml:11:5
	android:required
		ADDED from AndroidManifest.xml:13:9
	android:glEsVersion
		ADDED from AndroidManifest.xml:12:9
permission#com.dreamj.caliphcole.monasocial.permission.MAPS_RECEIVE
ADDED from AndroidManifest.xml:15:5
	android:protectionLevel
		ADDED from AndroidManifest.xml:17:9
	android:name
		ADDED from AndroidManifest.xml:16:9
uses-permission#come.dreamj.caliphcole.persission.MAPS_RECIEVE
ADDED from AndroidManifest.xml:18:5
	android:name
		ADDED from AndroidManifest.xml:18:22
uses-permission#android.permission.ACCESS_DOWNLOAD_MANAGER
ADDED from AndroidManifest.xml:19:5
	android:name
		ADDED from AndroidManifest.xml:19:22
uses-permission#android.permission.INTERNET
ADDED from AndroidManifest.xml:21:5
	android:name
		ADDED from AndroidManifest.xml:21:22
uses-permission#android.permission.ACCESS_WIFI_STATE
ADDED from AndroidManifest.xml:22:5
	android:name
		ADDED from AndroidManifest.xml:22:22
uses-permission#android.permission.ACCESS_NETWORK_STATE
ADDED from AndroidManifest.xml:23:5
	android:name
		ADDED from AndroidManifest.xml:23:22
uses-permission#android.permission.WRITE_EXTERNAL_STORAGE
ADDED from AndroidManifest.xml:24:5
	android:name
		ADDED from AndroidManifest.xml:24:22
uses-permission#com.google.android.providers.gsf.permission.READ_GSERVICES
ADDED from AndroidManifest.xml:25:5
	android:name
		ADDED from AndroidManifest.xml:25:22
uses-permission#android.permission.ACCESS_COARSE_LOCATION
ADDED from AndroidManifest.xml:26:5
	android:name
		ADDED from AndroidManifest.xml:26:22
uses-permission#android.permission.ACCESS_FINE_LOCATION
ADDED from AndroidManifest.xml:27:5
	android:name
		ADDED from AndroidManifest.xml:27:22
application
ADDED from AndroidManifest.xml:29:5
MERGED from com.android.support:appcompat-v7:21.0.3:16:5
MERGED from com.android.support:support-v4:21.0.3:16:5
MERGED from com.google.android.gms:play-services:6.5.87:20:5
MERGED from com.android.support:support-v4:21.0.3:16:5
	android:label
		ADDED from AndroidManifest.xml:33:9
	android:allowBackup
		ADDED from AndroidManifest.xml:31:9
	android:icon
		ADDED from AndroidManifest.xml:32:9
	android:theme
		ADDED from AndroidManifest.xml:34:9
	android:name
		ADDED from AndroidManifest.xml:30:9
meta-data#com.google.android.gms.version
ADDED from AndroidManifest.xml:36:9
MERGED from com.google.android.gms:play-services:6.5.87:21:9
	android:name
		ADDED from AndroidManifest.xml:37:13
	android:value
		ADDED from AndroidManifest.xml:38:13
meta-data#com.google.android.maps.v2.API_KEY
ADDED from AndroidManifest.xml:39:9
	android:name
		ADDED from AndroidManifest.xml:40:13
	android:value
		ADDED from AndroidManifest.xml:41:13
activity#com.dreamj.caliphcole.monasocial.Check
ADDED from AndroidManifest.xml:46:9
	android:label
		ADDED from AndroidManifest.xml:49:13
	android:name
		ADDED from AndroidManifest.xml:47:13
intent-filter#android.intent.action.MAIN+android.intent.category.LAUNCHER
ADDED from AndroidManifest.xml:52:13
action#android.intent.action.MAIN
ADDED from AndroidManifest.xml:53:17
	android:name
		ADDED from AndroidManifest.xml:53:25
category#android.intent.category.LAUNCHER
ADDED from AndroidManifest.xml:55:17
	android:name
		ADDED from AndroidManifest.xml:55:27
activity#com.dreamj.caliphcole.monasocial.Splash
ADDED from AndroidManifest.xml:59:9
	android:windowSoftInputMode
		ADDED from AndroidManifest.xml:65:13
	android:screenOrientation
		ADDED from AndroidManifest.xml:62:13
	android:label
		ADDED from AndroidManifest.xml:61:13
	android:configChanges
		ADDED from AndroidManifest.xml:63:13
	android:name
		ADDED from AndroidManifest.xml:60:13
	android:launchMode
		ADDED from AndroidManifest.xml:64:13
intent-filter#android.intent.category.DEFAULT+com.dreamj.caliphcole.monasocial.Splash
ADDED from AndroidManifest.xml:68:13
action#com.dreamj.caliphcole.monasocial.Splash
ADDED from AndroidManifest.xml:69:17
	android:name
		ADDED from AndroidManifest.xml:69:25
category#android.intent.category.DEFAULT
ADDED from AndroidManifest.xml:71:17
	android:name
		ADDED from AndroidManifest.xml:71:27
activity#com.dreamj.caliphcole.monasocial.MainActivity
ADDED from AndroidManifest.xml:75:9
	android:screenOrientation
		ADDED from AndroidManifest.xml:78:13
	android:label
		ADDED from AndroidManifest.xml:80:13
	android:name
		ADDED from AndroidManifest.xml:76:13
intent-filter#android.intent.category.DEFAULT+com.dreamj.caliphcole.monasocial.MainActivity
ADDED from AndroidManifest.xml:82:13
action#com.dreamj.caliphcole.monasocial.MainActivity
ADDED from AndroidManifest.xml:83:17
	android:name
		ADDED from AndroidManifest.xml:83:25
activity#com.google.android.gms.ads.AdActivity
ADDED from AndroidManifest.xml:89:9
	android:configChanges
		ADDED from AndroidManifest.xml:90:13
	android:theme
		ADDED from AndroidManifest.xml:91:13
	android:name
		ADDED from AndroidManifest.xml:89:19